<?xml version="1.0" encoding="UTF-8"?>
<!-- Generated by org.testng.reporters.JUnitXMLReporter -->
<testsuite ignored="2" hostname="LAPTOP-UOSNP22B" failures="0" tests="3" name="Test" time="29.408" errors="0" timestamp="2024-06-18T18:58:00 IST">
  <testcase classname="OrangeHRM.TestCases" name="adminTabOptionVerification" time="2.338"/>
  <testcase classname="OrangeHRM.TestCases" name="claimTabVerification" time="2.192"/>
  <testcase classname="OrangeHRM.TestCases" name="recruitmentTabVerification" time="2.108"/>
  <testcase classname="OrangeHRM.TestCases" name="forgotPasswordLinkVerification" time="0.0">
    <ignored/>
  </testcase> <!-- forgotPasswordLinkVerification -->
  <testcase classname="OrangeHRM.TestCases" name="searchOptionVerification" time="0.0">
    <ignored/>
  </testcase> <!-- searchOptionVerification -->
</testsuite> <!-- Test -->
